<?xml version="1.0" encoding="UTF-8"?>
<!-- Generated by org.testng.reporters.JUnitReportReporter -->
<testsuite hostname="WorkStation" name="com.autotesting.framework.TestClass" tests="1" failures="0" timestamp="9 Mar 2014 10:36:00 GMT" time="1.944" errors="0">
  <testcase name="simpleTest" time="1.944" classname="com.autotesting.framework.TestClass"/>
</testsuite> <!-- com.autotesting.framework.TestClass -->
