<?xml version="1.0" encoding="UTF-8"?>
<!-- Generated by org.testng.reporters.JUnitReportReporter -->
<testsuite hostname="WorkStation" name="com.autotesting.framework.TestClass" tests="1" failures="0" timestamp="11 Mar 2014 09:10:28 GMT" time="10.412" errors="0">
  <testcase name="simpleTest" time="10.412" classname="com.autotesting.framework.TestClass"/>
</testsuite> <!-- com.autotesting.framework.TestClass -->
