<?xml version="1.0" encoding="UTF-8"?>
<!-- Generated by org.testng.reporters.JUnitReportReporter -->
<testsuite hostname="WorkStation" name="com.autotesting.framework.AppTest" tests="1" failures="0" timestamp="9 Mar 2014 10:36:00 GMT" time="0.002" errors="0">
  <testcase name="testApp" time="0.002" classname="com.autotesting.framework.AppTest"/>
</testsuite> <!-- com.autotesting.framework.AppTest -->
