<?xml version="1.0" encoding="UTF-8"?>
<!-- Generated by org.testng.reporters.JUnitReportReporter -->
<testsuite hostname="Workstation" name="com.rstyle.utils.XmlPropsReader" tests="1" failures="0" timestamp="20 Mar 2014 08:58:46 GMT" time="0.022" errors="0">
  <testcase name="o" time="0.022" classname="com.rstyle.utils.XmlPropsReader"/>
</testsuite> <!-- com.rstyle.utils.XmlPropsReader -->
