<?xml version="1.0" encoding="UTF-8"?>
<!-- Generated by org.testng.reporters.JUnitReportReporter -->
<testsuite hostname="Workstation" name="com.rstyle.test.TestLogin" tests="1" failures="0" timestamp="21 Mar 2014 14:15:59 GMT" time="3.119" errors="0">
  <testcase name="testNewFunctionsOfDriver" time="3.119" classname="com.rstyle.test.TestLogin"/>
</testsuite> <!-- com.rstyle.test.TestLogin -->
