<?xml version="1.0" encoding="UTF-8"?>
<!-- Generated by org.testng.reporters.JUnitReportReporter -->
<testsuite hostname="Workstation" name="com.rstyle.utils.PropertiesReader" tests="1" failures="0" timestamp="20 Mar 2014 08:40:52 GMT" time="0.042" errors="0">
  <testcase name="t" time="0.042" classname="com.rstyle.utils.PropertiesReader"/>
</testsuite> <!-- com.rstyle.utils.PropertiesReader -->
